Sending remainder to: sriratna.sista@manomay.biz
Remainder sent successfully to sriratna.sista@manomay.biz
Sending remainder to: bharathsai.nookala@manomay.biz
Remainder sent successfully to bharathsai.nookala@manomay.biz
Sending remainder to: deepika.bharatula@manomay.biz
Remainder sent successfully to deepika.bharatula@manomay.biz
Sending remainder to: saipriya.chalasani@manomay.biz
Remainder sent successfully to saipriya.chalasani@manomay.biz
Sending remainder to: supreetha.jonnavittula@manomay.biz
Remainder sent successfully to supreetha.jonnavittula@manomay.biz
Sending remainder to: manish.neogi@manomay.biz
Remainder sent successfully to manish.neogi@manomay.biz
Sending remainder to: sreelekha.kappera@manomay.biz
Remainder sent successfully to sreelekha.kappera@manomay.biz
Sending remainder to: sahiti.paidipalli@manomay.biz
Remainder sent successfully to sahiti.paidipalli@manomay.biz
Sending remainder to: ganeshreddy.bollapu@manomay.biz
Remainder sent successfully to ganeshreddy.bollapu@manomay.biz
Sending remainder to: chiranjeevi.gorli@manomay.biz
Remainder sent successfully to chiranjeevi.gorli@manomay.biz
Sending remainder to: saiprakash.dayal@manomay.biz
Remainder sent successfully to saiprakash.dayal@manomay.biz
Sending remainder to: neetha.pasham@manomay.biz
Remainder sent successfully to neetha.pasham@manomay.biz
Sending remainder to: rajashekar.jangam@manomay.biz
Remainder sent successfully to rajashekar.jangam@manomay.biz
Sending remainder to: saikrupali.pasham@manomay.biz
Remainder sent successfully to saikrupali.pasham@manomay.biz
Sending remainder to: abhishek.dullur@manomay.biz
Remainder sent successfully to abhishek.dullur@manomay.biz
Sending remainder to: praneeth.amudala@manomay.biz
Remainder sent successfully to praneeth.amudala@manomay.biz
Sending remainder to: shaik.farooq@manomay.biz
Remainder sent successfully to shaik.farooq@manomay.biz
Sending remainder to: sowmyalakshmi.polimera@manomay.biz
Remainder sent successfully to sowmyalakshmi.polimera@manomay.biz
Sending remainder to: gayathri.podila@manomay.biz
Remainder sent successfully to gayathri.podila@manomay.biz
Sending remainder to: sirisha.rachakonda@manomay.biz
Remainder sent successfully to sirisha.rachakonda@manomay.biz
Sending remainder to: gpv.brahmam@manomay.biz
Remainder sent successfully to gpv.brahmam@manomay.biz
Sending remainder to: alekhya.muddada@manomay.biz
Remainder sent successfully to alekhya.muddada@manomay.biz
Sending remainder to: mahesh.kalyankar@manomay.biz
Remainder sent successfully to mahesh.kalyankar@manomay.biz
Sending remainder to: arunakumari.yayavaram@manomay.biz
Remainder sent successfully to arunakumari.yayavaram@manomay.biz
Sending remainder to: sriratna.sista@manomay.biz
Remainder sent successfully to sriratna.sista@manomay.biz
Sending remainder to: sriratna.sista@manomay.biz
Remainder sent successfully to sriratna.sista@manomay.biz
Sending remainder to: bharathsai.nookala@manomay.biz
Remainder sent successfully to bharathsai.nookala@manomay.biz
Sending remainder to: deepika.bharatula@manomay.biz
Remainder sent successfully to deepika.bharatula@manomay.biz
Sending remainder to: saipriya.chalasani@manomay.biz
Remainder sent successfully to saipriya.chalasani@manomay.biz
Sending remainder to: supreetha.jonnavittula@manomay.biz
Remainder sent successfully to supreetha.jonnavittula@manomay.biz
Sending remainder to: manish.neogi@manomay.biz
Remainder sent successfully to manish.neogi@manomay.biz
Sending remainder to: sreelekha.kappera@manomay.biz
Remainder sent successfully to sreelekha.kappera@manomay.biz
Sending remainder to: sahiti.paidipalli@manomay.biz
Remainder sent successfully to sahiti.paidipalli@manomay.biz
Sending remainder to: ganeshreddy.bollapu@manomay.biz
Remainder sent successfully to ganeshreddy.bollapu@manomay.biz
Sending remainder to: chiranjeevi.gorli@manomay.biz
Remainder sent successfully to chiranjeevi.gorli@manomay.biz
Sending remainder to: saiprakash.dayal@manomay.biz
Remainder sent successfully to saiprakash.dayal@manomay.biz
Sending remainder to: neetha.pasham@manomay.biz
Remainder sent successfully to neetha.pasham@manomay.biz
Sending remainder to: rajashekar.jangam@manomay.biz
Remainder sent successfully to rajashekar.jangam@manomay.biz
Sending remainder to: saikrupali.pasham@manomay.biz
Remainder sent successfully to saikrupali.pasham@manomay.biz
Sending remainder to: abhishek.dullur@manomay.biz
Remainder sent successfully to abhishek.dullur@manomay.biz
Sending remainder to: praneeth.amudala@manomay.biz
Remainder sent successfully to praneeth.amudala@manomay.biz
Sending remainder to: shaik.farooq@manomay.biz
Remainder sent successfully to shaik.farooq@manomay.biz
Sending remainder to: sowmyalakshmi.polimera@manomay.biz
Remainder sent successfully to sowmyalakshmi.polimera@manomay.biz
Sending remainder to: gayathri.podila@manomay.biz
Remainder sent successfully to gayathri.podila@manomay.biz
Sending remainder to: sirisha.rachakonda@manomay.biz
Remainder sent successfully to sirisha.rachakonda@manomay.biz
Sending remainder to: gpv.brahmam@manomay.biz
Remainder sent successfully to gpv.brahmam@manomay.biz
Sending remainder to: alekhya.muddada@manomay.biz
Remainder sent successfully to alekhya.muddada@manomay.biz
Sending remainder to: mahesh.kalyankar@manomay.biz
Remainder sent successfully to mahesh.kalyankar@manomay.biz
Sending remainder to: arunakumari.yayavaram@manomay.biz
Remainder sent successfully to arunakumari.yayavaram@manomay.biz
Sending remainder to: sriratna.sista@manomay.biz
Remainder sent successfully to sriratna.sista@manomay.biz
Sending remainder to: bharathsai.nookala@manomay.biz
Remainder sent successfully to bharathsai.nookala@manomay.biz
Sending remainder to: deepika.bharatula@manomay.biz
Remainder sent successfully to deepika.bharatula@manomay.biz
Sending remainder to: saipriya.chalasani@manomay.biz
Remainder sent successfully to saipriya.chalasani@manomay.biz
Sending remainder to: supreetha.jonnavittula@manomay.biz
Remainder sent successfully to supreetha.jonnavittula@manomay.biz
Sending remainder to: manish.neogi@manomay.biz
Remainder sent successfully to manish.neogi@manomay.biz
Sending remainder to: sreelekha.kappera@manomay.biz
Remainder sent successfully to sreelekha.kappera@manomay.biz
Sending remainder to: sahiti.paidipalli@manomay.biz
Remainder sent successfully to sahiti.paidipalli@manomay.biz
Sending remainder to: ganeshreddy.bollapu@manomay.biz
Remainder sent successfully to ganeshreddy.bollapu@manomay.biz
Sending remainder to: chiranjeevi.gorli@manomay.biz
Remainder sent successfully to chiranjeevi.gorli@manomay.biz
Sending remainder to: saiprakash.dayal@manomay.biz
Remainder sent successfully to saiprakash.dayal@manomay.biz
Sending remainder to: neetha.pasham@manomay.biz
Remainder sent successfully to neetha.pasham@manomay.biz
Sending remainder to: rajashekar.jangam@manomay.biz
Remainder sent successfully to rajashekar.jangam@manomay.biz
Sending remainder to: saikrupali.pasham@manomay.biz
Remainder sent successfully to saikrupali.pasham@manomay.biz
Sending remainder to: abhishek.dullur@manomay.biz
Remainder sent successfully to abhishek.dullur@manomay.biz
Sending remainder to: praneeth.amudala@manomay.biz
Remainder sent successfully to praneeth.amudala@manomay.biz
Sending remainder to: shaik.farooq@manomay.biz
Remainder sent successfully to shaik.farooq@manomay.biz
Sending remainder to: sowmyalakshmi.polimera@manomay.biz
Remainder sent successfully to sowmyalakshmi.polimera@manomay.biz
Sending remainder to: gayathri.podila@manomay.biz
Remainder sent successfully to gayathri.podila@manomay.biz
Sending remainder to: sirisha.rachakonda@manomay.biz
Remainder sent successfully to sirisha.rachakonda@manomay.biz
Sending remainder to: gpv.brahmam@manomay.biz
Remainder sent successfully to gpv.brahmam@manomay.biz
Sending remainder to: alekhya.muddada@manomay.biz
Remainder sent successfully to alekhya.muddada@manomay.biz
Sending remainder to: mahesh.kalyankar@manomay.biz
Remainder sent successfully to mahesh.kalyankar@manomay.biz
Sending remainder to: arunakumari.yayavaram@manomay.biz
Remainder sent successfully to arunakumari.yayavaram@manomay.biz
